         w __deregister_frame_info
         w __register_frame_info
         w _ITM_deregisterTMCloneTable
         w _ITM_registerTMCloneTable
         w _Jv_RegisterClasses
00000000 b .LANCHOR1
00000000 b _TLS_MODULE_BASE_
00000000 a shift
00000000 00002000 b tmp_buffer.6528
00001ff8 b .LANCHOR2
00002000 00000401 b __fixedpath
00002404 00000802 b __utf16path
00002c08 00000802 b __utf16path_old.6599
00100000 T __start__
00100000 T _start
00100008 T __service_ptr
0010000c T __apt_appid
00100010 T __heap_size
00100014 T __linear_heap_size
00100018 T __system_arglist
0010001c T __system_runflags
00100020 t startup
00100058 t ClearMem
0010006c t ClrLoop
00100094 T _init
001000ac t deregister_tm_clones
001000dc t register_tm_clones
00100114 t __do_global_dtors_aux
00100158 t frame_dummy
001001b4 T initSystem
001001f8 T __ctru_exit
00100218 00000008 t null_write
00100220 00000018 T setDefaultDevice
00100238 000000bc T FindDevice
001002f4 0000002c T RemoveDevice
00100320 00000098 T AddDevice
001003b8 00000024 T GetDeviceOpTab
001003dc 00000070 T _sbrk_r
0010044c 000001bc T _concatenate_path
00100608 00000154 T chdir
0010075c 000000a0 T getcwd
001007fc 00000018 T __libc_lock_init
00100814 00000018 T __libc_lock_acquire
0010082c 00000024 T __libc_lock_try_acquire
00100850 00000018 T __libc_lock_release
00100868 00000018 T __libc_lock_close
00100880 00000018 T __libc_lock_init_recursive
00100898 00000018 T __libc_lock_acquire_recursive
001008b0 00000024 T __libc_lock_try_acquire_recursive
001008d4 00000018 T __libc_lock_release_recursive
001008ec 00000018 T __libc_lock_close_recursive
00100904 00000028 T __getreent
0010092c t .udivsi3_skip_div0_test
0010092c T __aeabi_uidiv
0010092c 000001ec T __udivsi3
00100b18 00000020 T __aeabi_uidivmod
00100b38 00000004 W __aeabi_idiv0
00100b38 00000004 W __aeabi_ldiv0
00100b48 00000390 T strcmp
00100ee0 00000034 T main
00100f14 0000008c t gfxSetFramebufferInfo.part.0
00100fa0 00000070 T gfxSetFramebufferInfo
00101010 000001d0 T gfxInit
001011e0 00000010 T gfxInitDefault
001011f0 000000e0 T gfxExit
001012d0 00000068 t __apt_initservicehandle
00101338 00000004 W _aptDebug
0010133c 00000098 T aptInitCaptureInfo
001013d4 00000028 T aptWaitStatusEvent
001013fc 00000060 T aptGetMenuAppID
0010145c 0000006c T aptSetStatus
001014c8 00000048 T APT_GetLockHandle
00101510 00000060 T APT_Initialize
00101570 00000034 T APT_Finalize
001015a4 00000048 T APT_InquireNotification
001015ec 0000002c T APT_PrepareToJumpToHomeMenu
00101618 00000050 T APT_JumpToHomeMenu
00101668 00000034 T APT_PrepareToJumpToApplication
0010169c 00000050 T APT_JumpToApplication
001016ec 00000034 T APT_NotifyToWait
00101720 0000007c T APT_AppletUtility
0010179c 00000188 T aptAppletUtility_Exit_RetToApp
00101924 0000003c T aptAppletClosed
00101960 00000114 t aptAppStarted
00101a74 00000298 T aptInit
00101d0c 0000006c T APT_ReceiveParameter
00101d78 00000064 T APT_SendParameter
00101ddc 00000044 T APT_SendCaptureBufferInfo
00101e20 00000264 T aptReturnToMenu
00102084 00000038 T APT_ReplySleepQuery
001020bc 00000034 T APT_ReplySleepNotificationComplete
001020f0 000003f4 T aptEventHandler
001024e4 00000034 T APT_PrepareToCloseApplication
00102518 00000050 T APT_CloseApplication
00102568 000002d0 T aptExit
00102838 0000006c T APT_CheckNew3DS_System
001028a4 0000008c T APT_CheckNew3DS
00102930 00000054 T APT_StartLibraryApplet
00102984 00000174 T aptAppletStarted
00102af8 000001a4 T aptMainLoop
00102c9c 00000124 t gspEventThreadMain
00102dc0 00000074 T gspInit
00102e34 0000003c T gspExit
00102e70 000000d0 T gspInitEventHandler
00102f40 0000005c T gspExitEventHandler
00102f9c 00000058 T gspWaitForEvent
00102ff4 00000034 T GSPGPU_SetLcdForceBlack
00103028 00000064 T GSPGPU_RegisterInterruptRelayQueue
0010308c 0000002c T GSPGPU_UnregisterInterruptRelayQueue
001030b8 00000048 T GSPGPU_AcquireRight
00103100 0000002c T GSPGPU_ReleaseRight
0010312c 00000080 T GSPGPU_ImportDisplayCaptureInfo
001031ac 0000002c T GSPGPU_SaveVramSysArea
001031d8 0000002c T GSPGPU_RestoreVramSysArea
00103204 000000d8 T hidExit
001032dc 00000238 T hidScanInput
00103514 00000010 T hidKeysDown
00103524 00000090 T HIDUSER_GetHandles
001035b4 00000184 T hidInit
00103738 000000b0 T irrstScanInput
001037e8 0000001c T irrstKeysHeld
00103804 00000050 T IRRST_GetHandles
00103854 00000148 T irrstInit
0010399c 0000002c T IRRST_Shutdown
001039c8 000000b0 T irrstExit
00103a78 000000f4 T __system_initArgv
00103b6c 00000038 W __libctru_init
00103ba4 00000030 t __ctru_get_reent
00103bd4 000000e8 T __system_initSyscalls
00103cbc T svcControlMemory
00103cdc T svcExitProcess
00103ce4 T svcCreateThread
00103d04 T svcExitThread
00103d0c T svcCreateEvent
00103d20 T svcSignalEvent
00103d28 T svcClearEvent
00103d30 T svcMapMemoryBlock
00103d38 T svcUnmapMemoryBlock
00103d40 T svcCreateAddressArbiter
00103d54 T svcArbitrateAddress
00103d6c T svcCloseHandle
00103d74 T svcWaitSynchronization
00103d7c T svcWaitSynchronizationN
00103da4 T svcDuplicateHandle
00103db8 T svcGetSystemTick
00103dc0 T svcGetSystemInfo
00103dd8 T svcConnectToPort
00103dec T svcSendSyncRequest
00103df4 T svcBreak
00103dfc 00000024 t addrMapNodeComparator(rbtree_node const*, rbtree_node const*)
00103e20 00000004 t addrMapNodeDestructor(rbtree_node*)
00103e24 00000140 T linearMemAlign
00103f64 00000008 T linearAlloc
00103f6c 00000050 T linearFree
00103fbc 00000024 t addrMapNodeComparator(rbtree_node const*, rbtree_node const*)
00103fe0 00000004 t addrMapNodeDestructor(rbtree_node*)
00103fe4 000000f4 T mappableAlloc
001040d8 00000050 T mappableFree
00104128 000000a0 T MemPool::CoalesceRight(MemBlock*)
001041c8 0000018c T MemPool::Allocate(MemChunk&, unsigned long, int)
00104354 00000104 T MemPool::Deallocate(MemChunk const&)
00104458 00000024 t addrMapNodeComparator(rbtree_node const*, rbtree_node const*)
0010447c 00000004 t addrMapNodeDestructor(rbtree_node*)
00104480 00000130 T vramMemAlign
001045b0 00000008 T vramAlloc
001045b8 00000050 T vramFree
00104608 00000094 T envGetHandle
0010469c 0000004c T envDestroyHandles
001046e8 00000058 t getSysTime
00104740 00000024 T osGetMemRegionUsed
00104768 000000f4 T __libctru_gtod
00104860 00000034 T __ctru_speedup_config
00104894 00000050 T srvExit
001048e4 00000038 T srvRegisterClient
0010491c 00000070 T srvInit
0010498c 00000068 T srvGetServiceHandleDirect
001049f4 00000038 T srvGetServiceHandle
00104a2c 00000034 t LightLock_Unlock.part.1
00104a60 0000000c T __sync_init
00104a6c 00000018 T __sync_fini
00104a84 00000018 T LightLock_Init
00104a9c 00000094 T LightLock_Lock
00104b30 00000034 T LightLock_TryLock
00104b64 00000020 T LightLock_Unlock
00104b84 00000024 T RecursiveLock_Init
00104ba8 00000030 T RecursiveLock_Lock
00104bd8 00000058 T RecursiveLock_TryLock
00104c30 00000038 T RecursiveLock_Unlock
00104c68 000001c8 T threadCreate
00104e30 00000024 T threadJoin
00104e54 0000006c T threadExit
00104ec0 0000003c t _thread_begin
00104efc 00000070 T ptmSysmInit
00104f6c 00000034 T ptmSysmExit
00104fa0 00000034 T PTMSYSM_ConfigureNew3DSCPU
00104fd4 00000070 T rbtree_find
00105044 00000014 T rbtree_init
00105058 000001d4 t do_insert
0010522c 00000008 T rbtree_insert
00105234 0000035c T rbtree_remove
00105590 000000ac T rbtree_rotate
0010563c 00000058 t osGetMemRegionSize
00105694 00000124 W __system_allocateHeaps
001057b8 0000001c W __appExit
001057d4 0000001c W __appInit
001057f0 000000a4 W __libctru_exit
00105894 00000010 t sdmc_link
001058a4 00000010 t sdmc_dirreset
001058b4 00000010 t sdmc_chmod
001058c4 00000010 t sdmc_fchmod
001058d4 00000024 t error_cmp
001058f8 00000050 t sdmc_translate_error
00105948 00000034 t sdmc_fsync
0010597c 00000054 t sdmc_ftruncate
001059d0 000000ac t sdmc_statvfs
00105a7c 00000038 t sdmc_dirclose
00105ab4 000000e0 t sdmc_dirnext
00105b94 00000034 t sdmc_close
00105bc8 00000074 t sdmc_fstat
00105c3c 000000c0 t sdmc_seek
00105cfc 0000008c t sdmc_read
00105d88 00000108 t sdmc_write
00105e90 000001b4 t sdmc_utf16path
00106044 00000080 t sdmc_rmdir
001060c4 0000009c t sdmc_diropen
00106160 000000a8 t sdmc_chdir
00106208 00000084 t sdmc_mkdir
0010628c 00000138 t sdmc_rename
001063c4 00000080 t sdmc_unlink
00106444 00000120 t sdmc_stat
00106564 000001ac t sdmc_open
00106710 00000134 T sdmcInit
00106844 00000050 T sdmcExit
00106894 000000c8 T fsInit
0010695c 00000034 T fsExit
00106990 000000dc T FSUSER_OpenFile
00106a6c 000000b8 T FSUSER_DeleteFile
00106b24 000000f4 T FSUSER_RenameFile
00106c18 000000b8 T FSUSER_DeleteDirectory
00106cd0 000000d0 T FSUSER_CreateFile
00106da0 000000c0 T FSUSER_CreateDirectory
00106e60 000000f4 T FSUSER_RenameDirectory
00106f54 000000c4 T FSUSER_OpenDirectory
00107018 000000bc T FSUSER_OpenArchive
001070d4 00000088 T FSUSER_CloseArchive
0010715c 0000008c T FSUSER_GetSdmcArchiveResource
001071e8 00000064 T FSUSER_IsSdmcWritable
0010724c 0000005c T FSFILE_Read
001072a8 00000064 T FSFILE_Write
0010730c 0000003c T FSFILE_GetSize
00107348 0000002c T FSFILE_SetSize
00107374 0000003c T FSFILE_Close
001073b0 00000024 T FSFILE_Flush
001073d4 00000054 T FSDIR_Read
00107428 0000003c T FSDIR_Close
00107464 0000008c T rbtree_node_next
001074f0 00000138 T decode_utf8
00107628 000000e4 T utf16_to_utf8
0010770c 000000bc T utf8_to_utf16
001077c8 T __aeabi_read_tp
001077d4 00000060 T decode_utf16
00107834 00000068 T encode_utf16
0010789c 00000104 T encode_utf8
001079a0 00000078 T bsearch
00107a18 0000003c T __libc_fini_array
00107a54 00000078 T __libc_init_array
00107acc 00000020 T memalign
00107aec 0000015c T _memalign_r
00107c48 00000018 T malloc
00107c60 00000018 T free
00107c78 000007a8 T _malloc_r
00108420 000000f0 T memcpy
00108510 000000f4 T memset
00108604 0000000c T __malloc_lock
00108610 0000000c T __malloc_unlock
0010861c 0000005c T strlen
00108678 000000a4 T strncat
0010871c 000000e0 T strncpy
001087fc 000000f8 T _malloc_trim_r
001088f4 000002e4 T _free_r
00108bd8 0000015c T strchr
00108d34 0000011c T strncmp
00108e50 0000005c T strnlen
00108eac 00000044 T strrchr
00108ef0 T _fini
00109000 00000014 r CSWTCH.21
00109014 00000008 r framebufferInfoSt
0010901c 0000000c r __apt_servicenames
00109028 00000030 r error_table
00109058 00000068 R dotab_stdnull
001090c0 00000003 R DIRECTORY_PARENT
001090c4 00000002 R DIRECTORY_THIS
001090c8 00000002 R DIRECTORY_SEPARATOR
00109140 00000101 R _ctype_
00109244 r __EH_FRAME_BEGIN__
00109244 R __exidx_end
00109244 R __exidx_start
0010a000 00000001 d topFormat
0010a001 00000001 d botFormat
0010a004 00000008 d doubleBuf
0010a00c W __stacksize__
0010a010 00000401 d __cwd
0010a418 00000018 d sdmcArchive
0010a430 00000068 d sdmc_devoptab
0010a498 00000004 d defaultDevice
0010a49c 00000040 D devoptab_list
0010a4dc 00001000 d _current_working_directory
0010b4e0 00000440 d impure_data
0010b920 00000004 D _impure_ptr
0010b924 00000408 D __malloc_av_
0010bd2c 00000004 D __malloc_trim_threshold
0010bd30 00000004 D __malloc_sbrk_base
0010bd34 0000000c d __malloc_lock_object
0010bd40 00000004 D __ctype_ptr__
0010bd44 t __frame_dummy_init_array_entry
0010bd44 T __init_array_start
0010bd44 d __JCR_LIST__
0010bd44 B __preinit_array_end
0010bd44 B __preinit_array_start
0010bd44 D __tdata_lma
0010bd44 D __tdata_lma_end
0010bd44 D __TMC_END__
0010bd44 d __TMC_LIST__
0010bd48 t __do_global_dtors_aux_fini_array_entry
0010bd48 T __fini_array_start
0010bd48 T __init_array_end
0010bd4c T __bss_start__
0010bd4c T __fini_array_end
0010bd4c b completed.6505
0010bd50 b object.6510
0010bd68 00000001 b enable3d
0010bd6c 00000004 b screenFree
0010bd70 00000002 b currentBuffer
0010bd74 00000004 b __apt_servicestr
0010bd78 0000000c b aptFirstHook
0010bd84 00000001 B aptStatus
0010bd88 00000004 b aptRefCount
0010bd8c 00000002 b __apt_launchapplet_appID
0010bd90 00000020 b __ns_capinfo
0010bdb0 00000001 B aptStatusBeforeSleep
0010bdb4 00000004 b __apt_launchapplet_parambuf
0010bdb8 00000004 b __apt_launchapplet_parambufsize
0010bdbc 00000004 b __apt_new3dsflag_initialized
0010bdc0 00000001 b __apt_new3dsflag
0010bdc4 00000004 b __apt_launchapplet_inhandle
0010bdc8 00000004 b gspEvent
0010bdcc 00000004 b gspEventData
0010bdd0 00000004 b gspRefCount
0010bdd4 00000004 b hidRefCount
0010bdd8 00000004 b kOld
0010bddc 00000004 b kHeld
0010bde0 00000004 b cPos
0010bde4 00000004 b tPos
0010bde8 00000006 b aVec
0010bdf0 00000006 b gRate
0010bdf8 00000004 b kDown
0010bdfc 00000004 b kUp
0010be00 00000004 b irrstRefCount
0010be04 00000004 b kHeld
0010be08 00000004 b csPos
0010be0c b saved_stack
0010be14 00000008 b sLinearPool
0010be1c 0000000c b sAddrMap
0010be28 00000008 b sMappablePool
0010be30 0000000c b sAddrMap
0010be3c 00000008 b sVramPool
0010be44 0000000c b sAddrMap
0010be50 00000001 V __ctru_speedup
0010be54 00000004 b srvRefCount
0010be58 00000004 b srvHandle
0010be5c 00000004 b arbiter
0010be60 00000004 b ptmSysmRefCount
0010be64 00000004 b ptmSysmHandle
0010be68 00000001 b sdmcInitialised
0010be6c 00000004 b fsuRefCount
0010be70 00000004 b fsuHandle
0010be74 00000004 b heap_start.5704
0010be78 00000004 B fake_heap_start
0010be7c 00000004 B fake_heap_end
0010be80 00001000 b temp_cwd
0010ce80 00000038 B __syscalls
0010ceb8 00000004 B __malloc_max_total_mem
0010cebc 00000004 B __malloc_max_sbrked_mem
0010cec0 00000004 B __malloc_top_pad
0010cec4 00000028 B __malloc_current_mallinfo
0010ceec 00000008 B gfxBottomFramebuffers
0010cef4 00000004 B gspSharedMemHandle
0010cef8 0000001c B bottomFramebufferInfo
0010cf14 00000004 B gspEvent
0010cf18 00000008 B gfxTopLeftFramebuffers
0010cf20 00000008 B gfxTopRightFramebuffers
0010cf28 0000001c B topFramebufferInfo
0010cf44 00000001 B gfxThreadID
0010cf48 00000004 B gfxSharedMemory
0010cf4c 00000004 B gxCmdBuf
0010cf50 00000004 B aptEventHandlerThread
0010cf54 00000004 B aptSleepSync
0010cf58 00001000 B aptParameters
0010df58 00000004 B aptuHandle
0010df5c 0000000c B aptEvents
0010df68 00000004 B aptStatusEvent
0010df6c 00000004 B aptStatusPower
0010df70 00000004 B aptStatusMutex
0010df74 00000004 B aptLockHandle
0010df78 00000002 B currentAppId
0010df7c 00000007 B gspEventCbOneShot
0010df84 0000001c B gspEventCb
0010dfa0 00000004 B gspGpuHandle
0010dfa4 00000004 B gspEventThread
0010dfa8 0000001c B gspEventCounts
0010dfc4 0000001c B gspEvents
0010dfe0 00000001 B gspRunEvents
0010dfe4 0000001c B gspEventCbData
0010e000 00000004 B hidMemHandle
0010e004 00000004 B hidHandle
0010e008 00000004 B hidSharedMem
0010e00c 00000014 B hidEvents
0010e020 00000004 B irrstHandle
0010e024 00000004 B irrstEvent
0010e028 00000004 B irrstMemHandle
0010e02c 00000004 B irrstSharedMem
0010e030 00000004 B __system_argv
0010e034 00000004 B __system_argc
0010e038 00000004 B __system_retAddr
0010e03c 00000004 B __ctru_heap_size
0010e040 00000004 B __ctru_linear_heap
0010e044 00000004 B __ctru_heap
0010e048 00000004 B __ctru_linear_heap_size
0010e04c B __tls_start
00111458 B __bss_end__
00111458 A __end__
00111458 B __tls_end
